This file contains any messages produced by compilers while
running configure, to aid debugging if configure makes a mistake.

It was created by configure, which was
generated by GNU Autoconf 2.63.  Invocation command line was

  $ ./configure --no-create --no-recursion

## --------- ##
## Platform. ##
## --------- ##

hostname = yoda
uname -m = i686
uname -r = 2.6.32-5-686
uname -s = Linux
uname -v = #1 SMP Wed May 18 07:08:50 UTC 2011

/usr/bin/uname -p = unknown
/bin/uname -X     = unknown

/bin/arch              = unknown
/usr/bin/arch -k       = unknown
/usr/convex/getsysinfo = unknown
/usr/bin/hostinfo      = unknown
/bin/machine           = unknown
/usr/bin/oslevel       = unknown
/bin/universe          = unknown

PATH: /usr/local/sbin
PATH: /usr/local/bin
PATH: /usr/sbin
PATH: /usr/bin
PATH: /sbin
PATH: /bin


## ----------- ##
## Core tests. ##
## ----------- ##

configure:2148: checking build system type
configure:2166: result: i686-pc-linux-gnu
configure:2188: checking host system type
configure:2203: result: i686-pc-linux-gnu
configure:2273: checking for gcc
configure:2289: found /usr/bin/gcc
configure:2300: result: gcc
configure:2532: checking for C compiler version
configure:2540: gcc --version >&5
gcc (Debian 4.4.5-8) 4.4.5
Copyright (C) 2010 Free Software Foundation, Inc.
This is free software; see the source for copying conditions.  There is NO
warranty; not even for MERCHANTABILITY or FITNESS FOR A PARTICULAR PURPOSE.

configure:2544: $? = 0
configure:2551: gcc -v >&5
Using built-in specs.
Target: i486-linux-gnu
Configured with: ../src/configure -v --with-pkgversion='Debian 4.4.5-8' --with-bugurl=file:///usr/share/doc/gcc-4.4/README.Bugs --enable-languages=c,c++,fortran,objc,obj-c++ --prefix=/usr --program-suffix=-4.4 --enable-shared --enable-multiarch --enable-linker-build-id --with-system-zlib --libexecdir=/usr/lib --without-included-gettext --enable-threads=posix --with-gxx-include-dir=/usr/include/c++/4.4 --libdir=/usr/lib --enable-nls --enable-clocale=gnu --enable-libstdcxx-debug --enable-objc-gc --enable-targets=all --with-arch-32=i586 --with-tune=generic --enable-checking=release --build=i486-linux-gnu --host=i486-linux-gnu --target=i486-linux-gnu
Thread model: posix
gcc version 4.4.5 (Debian 4.4.5-8) 
configure:2555: $? = 0
configure:2562: gcc -V >&5
gcc: '-V' option must have argument
configure:2566: $? = 1
configure:2589: checking for C compiler default output file name
configure:2611: gcc    conftest.c  >&5
configure:2615: $? = 0
configure:2653: result: a.out
configure:2672: checking whether the C compiler works
configure:2682: ./a.out
configure:2686: $? = 0
configure:2705: result: yes
configure:2712: checking whether we are cross compiling
configure:2714: result: no
configure:2717: checking for suffix of executables
configure:2724: gcc -o conftest    conftest.c  >&5
configure:2728: $? = 0
configure:2754: result: 
configure:2760: checking for suffix of object files
configure:2786: gcc -c   conftest.c >&5
configure:2790: $? = 0
configure:2815: result: o
configure:2819: checking whether we are using the GNU C compiler
configure:2848: gcc -c   conftest.c >&5
configure:2855: $? = 0
configure:2872: result: yes
configure:2881: checking whether gcc accepts -g
configure:2911: gcc -c -g  conftest.c >&5
configure:2918: $? = 0
configure:3019: result: yes
configure:3036: checking for gcc option to accept ISO C89
configure:3110: gcc  -c -g -O2  conftest.c >&5
configure:3117: $? = 0
configure:3140: result: none needed
configure:3158: checking for a sed that does not truncate output
configure:3224: result: /bin/sed
configure:3242: checking for grep that handles long lines and -e
configure:3302: result: /bin/grep
configure:3307: checking for egrep
configure:3371: result: /bin/grep -E
configure:3376: checking for fgrep
configure:3440: result: /bin/grep -F
configure:3475: checking for ld used by gcc
configure:3542: result: /usr/bin/ld
configure:3551: checking if the linker (/usr/bin/ld) is GNU ld
configure:3566: result: yes
configure:3578: checking for BSD- or MS-compatible name lister (nm)
configure:3627: result: /usr/bin/nm -B
configure:3745: checking the name lister (/usr/bin/nm -B) interface
configure:3752: gcc -c -g -O2  conftest.c >&5
configure:3755: /usr/bin/nm -B "conftest.o"
configure:3758: output
00000000 B some_variable
configure:3765: result: BSD nm
configure:3768: checking whether ln -s works
configure:3772: result: yes
configure:3780: checking the maximum length of command line arguments
configure:3906: result: 805306365
configure:3923: checking whether the shell understands some XSI constructs
configure:3933: result: yes
configure:3937: checking whether the shell understands "+="
configure:3943: result: yes
configure:3978: checking for /usr/bin/ld option to reload object files
configure:3985: result: -r
configure:4054: checking for objdump
configure:4070: found /usr/bin/objdump
configure:4081: result: objdump
configure:4110: checking how to recognize dependent libraries
configure:4308: result: pass_all
configure:4368: checking for ar
configure:4384: found /usr/bin/ar
configure:4395: result: ar
configure:4473: checking for strip
configure:4489: found /usr/bin/strip
configure:4500: result: strip
configure:4572: checking for ranlib
configure:4588: found /usr/bin/ranlib
configure:4599: result: ranlib
configure:4689: checking command to parse /usr/bin/nm -B output from gcc object
configure:4807: gcc -c -g -O2  conftest.c >&5
configure:4810: $? = 0
configure:4814: /usr/bin/nm -B conftest.o \| sed -n -e 's/^.*[	 ]\([ABCDGIRSTW][ABCDGIRSTW]*\)[	 ][	 ]*\([_A-Za-z][_A-Za-z0-9]*\)$/\1 \2 \2/p' \> conftest.nm
configure:4817: $? = 0
configure:4871: gcc -o conftest -g -O2   conftest.c conftstm.o >&5
configure:4874: $? = 0
configure:4912: result: ok
configure:5779: checking how to run the C preprocessor
configure:5819: gcc -E  conftest.c
configure:5826: $? = 0
configure:5857: gcc -E  conftest.c
conftest.c:8:28: error: ac_nonexistent.h: No such file or directory
configure:5864: $? = 1
configure: failed program was:
| /* confdefs.h.  */
| #define PACKAGE_NAME ""
| #define PACKAGE_TARNAME ""
| #define PACKAGE_VERSION ""
| #define PACKAGE_STRING ""
| #define PACKAGE_BUGREPORT ""
| /* end confdefs.h.  */
| #include <ac_nonexistent.h>
configure:5897: result: gcc -E
configure:5926: gcc -E  conftest.c
configure:5933: $? = 0
configure:5964: gcc -E  conftest.c
conftest.c:8:28: error: ac_nonexistent.h: No such file or directory
configure:5971: $? = 1
configure: failed program was:
| /* confdefs.h.  */
| #define PACKAGE_NAME ""
| #define PACKAGE_TARNAME ""
| #define PACKAGE_VERSION ""
| #define PACKAGE_STRING ""
| #define PACKAGE_BUGREPORT ""
| /* end confdefs.h.  */
| #include <ac_nonexistent.h>
configure:6011: checking for ANSI C header files
configure:6041: gcc -c -g -O2  conftest.c >&5
configure:6048: $? = 0
configure:6147: gcc -o conftest -g -O2   conftest.c  >&5
configure:6151: $? = 0
configure:6157: ./conftest
configure:6161: $? = 0
configure:6179: result: yes
configure:6203: checking for sys/types.h
configure:6224: gcc -c -g -O2  conftest.c >&5
configure:6231: $? = 0
configure:6248: result: yes
configure:6203: checking for sys/stat.h
configure:6224: gcc -c -g -O2  conftest.c >&5
configure:6231: $? = 0
configure:6248: result: yes
configure:6203: checking for stdlib.h
configure:6224: gcc -c -g -O2  conftest.c >&5
configure:6231: $? = 0
configure:6248: result: yes
configure:6203: checking for string.h
configure:6224: gcc -c -g -O2  conftest.c >&5
configure:6231: $? = 0
configure:6248: result: yes
configure:6203: checking for memory.h
configure:6224: gcc -c -g -O2  conftest.c >&5
configure:6231: $? = 0
configure:6248: result: yes
configure:6203: checking for strings.h
configure:6224: gcc -c -g -O2  conftest.c >&5
configure:6231: $? = 0
configure:6248: result: yes
configure:6203: checking for inttypes.h
configure:6224: gcc -c -g -O2  conftest.c >&5
configure:6231: $? = 0
configure:6248: result: yes
configure:6203: checking for stdint.h
configure:6224: gcc -c -g -O2  conftest.c >&5
configure:6231: $? = 0
configure:6248: result: yes
configure:6203: checking for unistd.h
configure:6224: gcc -c -g -O2  conftest.c >&5
configure:6231: $? = 0
configure:6248: result: yes
configure:6266: checking for dlfcn.h
configure:6287: gcc -c -g -O2  conftest.c >&5
configure:6294: $? = 0
configure:6311: result: yes
configure:6795: checking for objdir
configure:6810: result: .libs
configure:7106: checking if gcc supports -fno-rtti -fno-exceptions
configure:7124: gcc -c -g -O2  -fno-rtti -fno-exceptions conftest.c >&5
cc1: warning: command line option "-fno-rtti" is valid for C++/ObjC++ but not for C
configure:7128: $? = 0
configure:7141: result: no
configure:7161: checking for gcc option to produce PIC
configure:7433: result: -fPIC -DPIC
configure:7445: checking if gcc PIC flag -fPIC -DPIC works
configure:7463: gcc -c -g -O2  -fPIC -DPIC -DPIC conftest.c >&5
configure:7467: $? = 0
configure:7480: result: yes
configure:7504: checking if gcc static flag -static works
configure:7532: result: yes
configure:7547: checking if gcc supports -c -o file.o
configure:7568: gcc -c -g -O2  -o out/conftest2.o conftest.c >&5
configure:7572: $? = 0
configure:7594: result: yes
configure:7602: checking if gcc supports -c -o file.o
configure:7649: result: yes
configure:7682: checking whether the gcc linker (/usr/bin/ld) supports shared libraries
configure:8756: result: yes
configure:8793: checking whether -lc should be explicitly linked in
configure:8798: gcc -c -g -O2  conftest.c >&5
configure:8801: $? = 0
configure:8816: gcc -shared conftest.o  -v -Wl,-soname -Wl,conftest -o conftest 2\>\&1 \| /bin/grep  -lc  \>/dev/null 2\>\&1
configure:8819: $? = 0
configure:8831: result: no
configure:8995: checking dynamic linker characteristics
configure:9440: gcc -o conftest -g -O2   -Wl,-rpath -Wl,/foo conftest.c  >&5
configure:9447: $? = 0
configure:9680: result: GNU/Linux ld.so
configure:9782: checking how to hardcode library paths into programs
configure:9807: result: immediate
configure:10640: checking whether stripping libraries is possible
configure:10645: result: yes
configure:10680: checking if libtool supports shared libraries
configure:10682: result: yes
configure:10685: checking whether to build shared libraries
configure:10706: result: yes
configure:10709: checking whether to build static libraries
configure:10713: result: yes
configure:10759: checking host system type
configure:10774: result: i686-pc-linux-gnu
configure:10813: checking for a BSD-compatible install
configure:10881: result: /usr/bin/install -c
configure:10892: checking whether build environment is sane
configure:10952: result: yes
configure:11093: checking for a thread-safe mkdir -p
configure:11132: result: /bin/mkdir -p
configure:11145: checking for gawk
configure:11175: result: no
configure:11145: checking for mawk
configure:11161: found /usr/bin/mawk
configure:11172: result: mawk
configure:11183: checking whether make sets $(MAKE)
configure:11205: result: yes
configure:11235: checking for style of include used by make
configure:11263: result: GNU
configure:11350: checking dependency style of gcc
configure:11460: result: gcc3
configure:11526: checking for gcc
configure:11553: result: gcc
configure:11785: checking for C compiler version
configure:11793: gcc --version >&5
gcc (Debian 4.4.5-8) 4.4.5
Copyright (C) 2010 Free Software Foundation, Inc.
This is free software; see the source for copying conditions.  There is NO
warranty; not even for MERCHANTABILITY or FITNESS FOR A PARTICULAR PURPOSE.

configure:11797: $? = 0
configure:11804: gcc -v >&5
Using built-in specs.
Target: i486-linux-gnu
Configured with: ../src/configure -v --with-pkgversion='Debian 4.4.5-8' --with-bugurl=file:///usr/share/doc/gcc-4.4/README.Bugs --enable-languages=c,c++,fortran,objc,obj-c++ --prefix=/usr --program-suffix=-4.4 --enable-shared --enable-multiarch --enable-linker-build-id --with-system-zlib --libexecdir=/usr/lib --without-included-gettext --enable-threads=posix --with-gxx-include-dir=/usr/include/c++/4.4 --libdir=/usr/lib --enable-nls --enable-clocale=gnu --enable-libstdcxx-debug --enable-objc-gc --enable-targets=all --with-arch-32=i586 --with-tune=generic --enable-checking=release --build=i486-linux-gnu --host=i486-linux-gnu --target=i486-linux-gnu
Thread model: posix
gcc version 4.4.5 (Debian 4.4.5-8) 
configure:11808: $? = 0
configure:11815: gcc -V >&5
gcc: '-V' option must have argument
configure:11819: $? = 1
configure:11822: checking whether we are using the GNU C compiler
configure:11875: result: yes
configure:11884: checking whether gcc accepts -g
configure:12022: result: yes
configure:12039: checking for gcc option to accept ISO C89
configure:12143: result: none needed
configure:12175: checking for a BSD-compatible install
configure:12243: result: /usr/bin/install -c
configure:12254: checking whether make sets $(MAKE)
configure:12276: result: yes
configure:12294: checking for windres
configure:12324: result: no
configure:12294: checking for linux-gnu-windres
configure:12324: result: no
configure:12339: checking for working alloca.h
configure:12366: gcc -o conftest -g -O2   conftest.c  >&5
configure:12373: $? = 0
configure:12393: result: yes
configure:12403: checking for alloca
configure:12450: gcc -o conftest -g -O2   conftest.c  >&5
configure:12457: $? = 0
configure:12477: result: yes
configure:12778: checking for freetype-config
configure:12796: found /usr/bin/freetype-config
configure:12809: result: /usr/bin/freetype-config
configure:12882: checking for pkg-config
configure:12900: found /usr/bin/pkg-config
configure:12912: result: /usr/bin/pkg-config
configure:12937: checking pkg-config is at least version 0.9.0
configure:12940: result: yes
configure:12978: checking for SDL
configure:12986: $PKG_CONFIG --exists --print-errors "sdl >= $min_sdl_version"
configure:12989: $? = 0
configure:13004: $PKG_CONFIG --exists --print-errors "sdl >= $min_sdl_version"
configure:13007: $? = 0
configure:13049: result: yes
configure:13382: checking for X
configure:13497: gcc -E  conftest.c
configure:13504: $? = 0
configure:13553: gcc -o conftest -g -O2 -I/usr/include/freetype2 -D_GNU_SOURCE=1 -D_REENTRANT -I/usr/include/SDL     conftest.c -lX11  -lfreetype -lz -lSDL   >&5
configure:13560: $? = 0
configure:13622: result: libraries , headers 
configure:13791: gcc -o conftest -g -O2 -I/usr/include/freetype2 -D_GNU_SOURCE=1 -D_REENTRANT -I/usr/include/SDL     conftest.c  -lfreetype -lz -lSDL    -lX11 >&5
configure:13798: $? = 0
configure:13966: checking for gethostbyname
configure:14022: gcc -o conftest -g -O2 -I/usr/include/freetype2 -D_GNU_SOURCE=1 -D_REENTRANT -I/usr/include/SDL     conftest.c  -lfreetype -lz -lSDL   >&5
configure:14029: $? = 0
configure:14049: result: yes
configure:14202: checking for connect
configure:14258: gcc -o conftest -g -O2 -I/usr/include/freetype2 -D_GNU_SOURCE=1 -D_REENTRANT -I/usr/include/SDL     conftest.c  -lfreetype -lz -lSDL   >&5
configure:14265: $? = 0
configure:14285: result: yes
configure:14361: checking for remove
configure:14417: gcc -o conftest -g -O2 -I/usr/include/freetype2 -D_GNU_SOURCE=1 -D_REENTRANT -I/usr/include/SDL     conftest.c  -lfreetype -lz -lSDL   >&5
configure:14424: $? = 0
configure:14444: result: yes
configure:14520: checking for shmat
configure:14576: gcc -o conftest -g -O2 -I/usr/include/freetype2 -D_GNU_SOURCE=1 -D_REENTRANT -I/usr/include/SDL     conftest.c  -lfreetype -lz -lSDL   >&5
configure:14583: $? = 0
configure:14603: result: yes
configure:14688: checking for IceConnectionNumber in -lICE
configure:14723: gcc -o conftest -g -O2 -I/usr/include/freetype2 -D_GNU_SOURCE=1 -D_REENTRANT -I/usr/include/SDL     conftest.c -lICE   -lfreetype -lz -lSDL   >&5
configure:14730: $? = 0
configure:14751: result: yes
configure:14769: checking for OpenGL support
configure:14797: gcc -c -g -O2 -I/usr/include/freetype2 -D_GNU_SOURCE=1 -D_REENTRANT -I/usr/include/SDL     conftest.c >&5
configure:14804: $? = 0
configure:14820: result: yes
configure:15002: creating ./config.status

## ---------------- ##
## Cache variables. ##
## ---------------- ##

ac_cv_build=i686-pc-linux-gnu
ac_cv_c_compiler_gnu=yes
ac_cv_env_CC_set=
ac_cv_env_CC_value=
ac_cv_env_CFLAGS_set=
ac_cv_env_CFLAGS_value=
ac_cv_env_CPPFLAGS_set=
ac_cv_env_CPPFLAGS_value=
ac_cv_env_CPP_set=
ac_cv_env_CPP_value=
ac_cv_env_LDFLAGS_set=
ac_cv_env_LDFLAGS_value=
ac_cv_env_LIBS_set=
ac_cv_env_LIBS_value=
ac_cv_env_PKG_CONFIG_set=
ac_cv_env_PKG_CONFIG_value=
ac_cv_env_SDL_CFLAGS_set=
ac_cv_env_SDL_CFLAGS_value=
ac_cv_env_SDL_LIBS_set=
ac_cv_env_SDL_LIBS_value=
ac_cv_env_XMKMF_set=
ac_cv_env_XMKMF_value=
ac_cv_env_build_alias_set=
ac_cv_env_build_alias_value=
ac_cv_env_host_alias_set=
ac_cv_env_host_alias_value=
ac_cv_env_target_alias_set=
ac_cv_env_target_alias_value=
ac_cv_func_alloca_works=yes
ac_cv_func_connect=yes
ac_cv_func_gethostbyname=yes
ac_cv_func_remove=yes
ac_cv_func_shmat=yes
ac_cv_have_x='have_x=yes	ac_x_includes='\'''\''	ac_x_libraries='\'''\'''
ac_cv_header_dlfcn_h=yes
ac_cv_header_inttypes_h=yes
ac_cv_header_memory_h=yes
ac_cv_header_stdc=yes
ac_cv_header_stdint_h=yes
ac_cv_header_stdlib_h=yes
ac_cv_header_string_h=yes
ac_cv_header_strings_h=yes
ac_cv_header_sys_stat_h=yes
ac_cv_header_sys_types_h=yes
ac_cv_header_unistd_h=yes
ac_cv_host=i686-pc-linux-gnu
ac_cv_lib_ICE_IceConnectionNumber=yes
ac_cv_objext=o
ac_cv_path_EGREP='/bin/grep -E'
ac_cv_path_FGREP='/bin/grep -F'
ac_cv_path_FREETYPE_CONFIG=/usr/bin/freetype-config
ac_cv_path_GREP=/bin/grep
ac_cv_path_SED=/bin/sed
ac_cv_path_ac_pt_PKG_CONFIG=/usr/bin/pkg-config
ac_cv_path_install='/usr/bin/install -c'
ac_cv_path_mkdir=/bin/mkdir
ac_cv_prog_AWK=mawk
ac_cv_prog_CPP='gcc -E'
ac_cv_prog_ac_ct_AR=ar
ac_cv_prog_ac_ct_CC=gcc
ac_cv_prog_ac_ct_OBJDUMP=objdump
ac_cv_prog_ac_ct_RANLIB=ranlib
ac_cv_prog_ac_ct_STRIP=strip
ac_cv_prog_cc_c89=
ac_cv_prog_cc_g=yes
ac_cv_prog_make_make_set=yes
ac_cv_working_alloca_h=yes
am_cv_CC_dependencies_compiler_type=gcc3
lt_cv_deplibs_check_method=pass_all
lt_cv_file_magic_cmd='$MAGIC_CMD'
lt_cv_file_magic_test_file=
lt_cv_ld_reload_flag=-r
lt_cv_nm_interface='BSD nm'
lt_cv_objdir=.libs
lt_cv_path_LD=/usr/bin/ld
lt_cv_path_NM='/usr/bin/nm -B'
lt_cv_prog_compiler_c_o=yes
lt_cv_prog_compiler_pic_works=yes
lt_cv_prog_compiler_rtti_exceptions=no
lt_cv_prog_compiler_static_works=yes
lt_cv_prog_gnu_ld=yes
lt_cv_sys_global_symbol_pipe='sed -n -e '\''s/^.*[	 ]\([ABCDGIRSTW][ABCDGIRSTW]*\)[	 ][	 ]*\([_A-Za-z][_A-Za-z0-9]*\)$/\1 \2 \2/p'\'''
lt_cv_sys_global_symbol_to_c_name_address='sed -n -e '\''s/^: \([^ ]*\) $/  {\"\1\", (void *) 0},/p'\'' -e '\''s/^[ABCDGIRSTW]* \([^ ]*\) \([^ ]*\)$/  {"\2", (void *) \&\2},/p'\'''
lt_cv_sys_global_symbol_to_c_name_address_lib_prefix='sed -n -e '\''s/^: \([^ ]*\) $/  {\"\1\", (void *) 0},/p'\'' -e '\''s/^[ABCDGIRSTW]* \([^ ]*\) \(lib[^ ]*\)$/  {"\2", (void *) \&\2},/p'\'' -e '\''s/^[ABCDGIRSTW]* \([^ ]*\) \([^ ]*\)$/  {"lib\2", (void *) \&\2},/p'\'''
lt_cv_sys_global_symbol_to_cdecl='sed -n -e '\''s/^T .* \(.*\)$/extern int \1();/p'\'' -e '\''s/^[ABCDGIRSTW]* .* \(.*\)$/extern char \1;/p'\'''
lt_cv_sys_max_cmd_len=805306365
pkg_cv_SDL_CFLAGS='-D_GNU_SOURCE=1 -D_REENTRANT -I/usr/include/SDL  '
pkg_cv_SDL_LIBS='-lSDL  '

## ----------------- ##
## Output variables. ##
## ----------------- ##

ACLOCAL='${SHELL} /home/test/tamagotchi/library/SDL_ttf-2.0.10/missing --run aclocal-1.11'
ALLOCA=''
AMDEPBACKSLASH='\'
AMDEP_FALSE='#'
AMDEP_TRUE=''
AMTAR='${SHELL} /home/test/tamagotchi/library/SDL_ttf-2.0.10/missing --run tar'
AR='ar'
AS='as'
AUTOCONF='${SHELL} /home/test/tamagotchi/library/SDL_ttf-2.0.10/missing --run autoconf'
AUTOHEADER='${SHELL} /home/test/tamagotchi/library/SDL_ttf-2.0.10/missing --run autoheader'
AUTOMAKE='${SHELL} /home/test/tamagotchi/library/SDL_ttf-2.0.10/missing --run automake-1.11'
AWK='mawk'
BINARY_AGE='10'
CC='gcc'
CCDEPMODE='depmode=gcc3'
CFLAGS='-g -O2 -I/usr/include/freetype2 -D_GNU_SOURCE=1 -D_REENTRANT -I/usr/include/SDL    -DHAVE_OPENGL'
CPP='gcc -E'
CPPFLAGS=''
CYGPATH_W='echo'
DEFS='-DPACKAGE_NAME=\"\" -DPACKAGE_TARNAME=\"\" -DPACKAGE_VERSION=\"\" -DPACKAGE_STRING=\"\" -DPACKAGE_BUGREPORT=\"\" -DSTDC_HEADERS=1 -DHAVE_SYS_TYPES_H=1 -DHAVE_SYS_STAT_H=1 -DHAVE_STDLIB_H=1 -DHAVE_STRING_H=1 -DHAVE_MEMORY_H=1 -DHAVE_STRINGS_H=1 -DHAVE_INTTYPES_H=1 -DHAVE_STDINT_H=1 -DHAVE_UNISTD_H=1 -DHAVE_DLFCN_H=1 -DLT_OBJDIR=\".libs/\" -DPACKAGE=\"SDL_ttf\" -DVERSION=\"2.0.10\" -DHAVE_ALLOCA_H=1 -DHAVE_ALLOCA=1'
DEPDIR='.deps'
DLLTOOL='dlltool'
DSYMUTIL=''
DUMPBIN=''
ECHO_C=''
ECHO_N='-n'
ECHO_T=''
EGREP='/bin/grep -E'
EXEEXT=''
FGREP='/bin/grep -F'
FREETYPE_CONFIG='/usr/bin/freetype-config'
GL_LIBS=' -lGL'
GREP='/bin/grep'
INSTALL_DATA='${INSTALL} -m 644'
INSTALL_PROGRAM='${INSTALL}'
INSTALL_SCRIPT='${INSTALL}'
INSTALL_STRIP_PROGRAM='$(install_sh) -c -s'
INTERFACE_AGE='0'
LD='/usr/bin/ld'
LDFLAGS=''
LIBOBJS=''
LIBS=' -lfreetype -lz -lSDL  '
LIBTOOL='$(SHELL) $(top_builddir)/libtool'
LIPO=''
LN_S='ln -s'
LTLIBOBJS=''
LT_AGE='10'
LT_CURRENT='10'
LT_RELEASE='2.0'
LT_REVISION='0'
MAJOR_VERSION='2'
MAKEINFO='${SHELL} /home/test/tamagotchi/library/SDL_ttf-2.0.10/missing --run makeinfo'
MATHLIB='-lm'
MICRO_VERSION='10'
MINOR_VERSION='0'
MKDIR_P='/bin/mkdir -p'
NM='/usr/bin/nm -B'
NMEDIT=''
OBJDUMP='objdump'
OBJEXT='o'
OTOOL64=''
OTOOL=''
PACKAGE='SDL_ttf'
PACKAGE_BUGREPORT=''
PACKAGE_NAME=''
PACKAGE_STRING=''
PACKAGE_TARNAME=''
PACKAGE_VERSION=''
PATH_SEPARATOR=':'
PKG_CONFIG='/usr/bin/pkg-config'
RANLIB='ranlib'
SDL_CFLAGS='-D_GNU_SOURCE=1 -D_REENTRANT -I/usr/include/SDL  '
SDL_CONFIG='pkg-config sdl'
SDL_LIBS='-lSDL  '
SDL_VERSION='1.2.4'
SED='/bin/sed'
SET_MAKE=''
SHELL='/bin/bash'
STRIP='strip'
USE_VERSION_RC_FALSE=''
USE_VERSION_RC_TRUE='#'
VERSION='2.0.10'
WINDRES=''
XMKMF=''
X_CFLAGS=''
X_EXTRA_LIBS=''
X_LIBS=''
X_PRE_LIBS=' -lSM -lICE'
ac_ct_CC='gcc'
ac_ct_DUMPBIN=''
am__EXEEXT_FALSE=''
am__EXEEXT_TRUE='#'
am__fastdepCC_FALSE='#'
am__fastdepCC_TRUE=''
am__include='include'
am__isrc=''
am__leading_dot='.'
am__quote=''
am__tar='${AMTAR} chof - "$$tardir"'
am__untar='${AMTAR} xf -'
bindir='${exec_prefix}/bin'
build='i686-pc-linux-gnu'
build_alias=''
build_cpu='i686'
build_os='linux-gnu'
build_vendor='pc'
datadir='${datarootdir}'
datarootdir='${prefix}/share'
docdir='${datarootdir}/doc/${PACKAGE}'
dvidir='${docdir}'
exec_prefix='${prefix}'
host='i686-pc-linux-gnu'
host_alias=''
host_cpu='i686'
host_os='linux-gnu'
host_vendor='pc'
htmldir='${docdir}'
includedir='${prefix}/include'
infodir='${datarootdir}/info'
install_sh='${SHELL} /home/test/tamagotchi/library/SDL_ttf-2.0.10/install-sh'
libdir='${exec_prefix}/lib'
libexecdir='${exec_prefix}/libexec'
localedir='${datarootdir}/locale'
localstatedir='${prefix}/var'
lt_ECHO='echo'
mandir='${datarootdir}/man'
mkdir_p='/bin/mkdir -p'
oldincludedir='/usr/include'
pdfdir='${docdir}'
prefix='/usr/local'
program_transform_name='s,x,x,'
psdir='${docdir}'
sbindir='${exec_prefix}/sbin'
sharedstatedir='${prefix}/com'
sysconfdir='${prefix}/etc'
target_alias=''

## ----------- ##
## confdefs.h. ##
## ----------- ##

#define PACKAGE_NAME ""
#define PACKAGE_TARNAME ""
#define PACKAGE_VERSION ""
#define PACKAGE_STRING ""
#define PACKAGE_BUGREPORT ""
#define STDC_HEADERS 1
#define HAVE_SYS_TYPES_H 1
#define HAVE_SYS_STAT_H 1
#define HAVE_STDLIB_H 1
#define HAVE_STRING_H 1
#define HAVE_MEMORY_H 1
#define HAVE_STRINGS_H 1
#define HAVE_INTTYPES_H 1
#define HAVE_STDINT_H 1
#define HAVE_UNISTD_H 1
#define HAVE_DLFCN_H 1
#define LT_OBJDIR ".libs/"
#define PACKAGE "SDL_ttf"
#define VERSION "2.0.10"
#define HAVE_ALLOCA_H 1
#define HAVE_ALLOCA 1

configure: exit 0

## ---------------------- ##
## Running config.status. ##
## ---------------------- ##

This file was extended by config.status, which was
generated by GNU Autoconf 2.63.  Invocation command line was

  CONFIG_FILES    = 
  CONFIG_HEADERS  = 
  CONFIG_LINKS    = 
  CONFIG_COMMANDS = 
  $ ./config.status 

on yoda

config.status:935: creating Makefile
config.status:935: creating SDL_ttf.spec
config.status:935: creating SDL_ttf.pc
config.status:1146: executing libtool commands
config.status:1146: executing depfiles commands
